<?xml version="1.0" encoding="UTF-8"?>
<!-- Generated by org.testng.reporters.JUnitReportReporter -->
<testsuite hostname="Lakshya" failures="0" tests="1" name="TestLogin" time="6.467" errors="0" timestamp="2024-03-28T13:51:38 IST" skipped="0">
  <testcase classname="TestLogin" name="logInTest" time="6.467"/>
</testsuite> <!-- TestLogin -->
